C:\USERS\KYLE\BLACKJACK\BLACKJACK\BLACKJACK\DEBUG\APPSTART.OBJ
C:\USERS\KYLE\BLACKJACK\BLACKJACK\BLACKJACK\DEBUG\BLACKJACK.EXE.EMBED.MANIFEST
C:\USERS\KYLE\BLACKJACK\BLACKJACK\BLACKJACK\DEBUG\BLACKJACK.EXE.EMBED.MANIFEST.RES
C:\Users\Kyle\Blackjack\Blackjack\Blackjack\Debug\Blackjack.exe.intermediate.manifest
C:\Users\Kyle\Blackjack\Blackjack\Blackjack\Debug\Blackjack_manifest.rc
C:\Users\Kyle\Blackjack\Blackjack\Blackjack\Debug\cl.command.1.tlog
C:\Users\Kyle\Blackjack\Blackjack\Blackjack\Debug\CL.read.1.tlog
C:\Users\Kyle\Blackjack\Blackjack\Blackjack\Debug\CL.write.1.tlog
C:\USERS\KYLE\BLACKJACK\BLACKJACK\BLACKJACK\DEBUG\DECK.OBJ
C:\USERS\KYLE\BLACKJACK\BLACKJACK\BLACKJACK\DEBUG\GAME.OBJ
C:\USERS\KYLE\BLACKJACK\BLACKJACK\BLACKJACK\DEBUG\HAND.OBJ
C:\Users\Kyle\Blackjack\Blackjack\Blackjack\Debug\link.2516.read.1.tlog
C:\Users\Kyle\Blackjack\Blackjack\Blackjack\Debug\link.2516.write.1.tlog
C:\Users\Kyle\Blackjack\Blackjack\Blackjack\Debug\link.5588.read.1.tlog
C:\Users\Kyle\Blackjack\Blackjack\Blackjack\Debug\link.5588.write.1.tlog
C:\Users\Kyle\Blackjack\Blackjack\Blackjack\Debug\link.5588-cvtres.read.1.tlog
C:\Users\Kyle\Blackjack\Blackjack\Blackjack\Debug\link.5588-cvtres.write.1.tlog
C:\Users\Kyle\Blackjack\Blackjack\Blackjack\Debug\link.command.1.tlog
C:\Users\Kyle\Blackjack\Blackjack\Blackjack\Debug\link.read.1.tlog
C:\Users\Kyle\Blackjack\Blackjack\Blackjack\Debug\link.write.1.tlog
C:\Users\Kyle\Blackjack\Blackjack\Blackjack\Debug\link-cvtres.read.1.tlog
C:\Users\Kyle\Blackjack\Blackjack\Blackjack\Debug\link-cvtres.write.1.tlog
C:\Users\Kyle\Blackjack\Blackjack\Blackjack\Debug\mt.command.1.tlog
C:\Users\Kyle\Blackjack\Blackjack\Blackjack\Debug\mt.read.1.tlog
C:\Users\Kyle\Blackjack\Blackjack\Blackjack\Debug\mt.write.1.tlog
C:\USERS\KYLE\BLACKJACK\BLACKJACK\BLACKJACK\DEBUG\PLAYER.OBJ
C:\Users\Kyle\Blackjack\Blackjack\Blackjack\Debug\rc.command.1.tlog
C:\Users\Kyle\Blackjack\Blackjack\Blackjack\Debug\rc.read.1.tlog
C:\Users\Kyle\Blackjack\Blackjack\Blackjack\Debug\rc.write.1.tlog
C:\Users\Kyle\Blackjack\Blackjack\Blackjack\Debug\vc100.idb
C:\USERS\KYLE\BLACKJACK\BLACKJACK\BLACKJACK\DEBUG\VC100.PDB
C:\USERS\KYLE\BLACKJACK\BLACKJACK\BLACKJACK\DEBUG\WALLET.OBJ
C:\Users\Kyle\Blackjack\Blackjack\Debug\Blackjack.pdb
